0 info it worked if it ends with ok
1 verbose cli [ '/Users/jordanbenner/.nvm/versions/node/v6.10.2/bin/node',
1 verbose cli   '/Users/jordanbenner/.nvm/versions/node/v6.10.2/bin/npm',
1 verbose cli   'install',
1 verbose cli   'nodemon',
1 verbose cli   '--save',
1 verbose cli   'dev' ]
2 info using npm@3.10.10
3 info using node@v6.10.2
4 silly loadCurrentTree Starting
5 silly install loadCurrentTree
6 silly install readLocalPackageData
7 silly fetchPackageMetaData nodemon
8 silly fetchPackageMetaData dev
9 silly fetchNamedPackageData nodemon
10 silly mapToRegistry name nodemon
11 silly mapToRegistry using default registry
12 silly mapToRegistry registry https://registry.npmjs.org/
13 silly mapToRegistry data Result {
13 silly mapToRegistry   raw: 'nodemon',
13 silly mapToRegistry   scope: null,
13 silly mapToRegistry   escapedName: 'nodemon',
13 silly mapToRegistry   name: 'nodemon',
13 silly mapToRegistry   rawSpec: '',
13 silly mapToRegistry   spec: 'latest',
13 silly mapToRegistry   type: 'tag' }
14 silly mapToRegistry uri https://registry.npmjs.org/nodemon
15 silly fetchNamedPackageData dev
16 silly mapToRegistry name dev
17 silly mapToRegistry using default registry
18 silly mapToRegistry registry https://registry.npmjs.org/
19 silly mapToRegistry data Result {
19 silly mapToRegistry   raw: 'dev',
19 silly mapToRegistry   scope: null,
19 silly mapToRegistry   escapedName: 'dev',
19 silly mapToRegistry   name: 'dev',
19 silly mapToRegistry   rawSpec: '',
19 silly mapToRegistry   spec: 'latest',
19 silly mapToRegistry   type: 'tag' }
20 silly mapToRegistry uri https://registry.npmjs.org/dev
21 verbose request uri https://registry.npmjs.org/dev
22 verbose request no auth needed
23 info attempt registry request try #1 at 9:21:43 AM
24 verbose request id 51052ce6c3f76f10
25 http request GET https://registry.npmjs.org/dev
26 verbose request uri https://registry.npmjs.org/nodemon
27 verbose request no auth needed
28 info attempt registry request try #1 at 9:21:43 AM
29 verbose etag W/"5934533b-31161"
30 verbose lastModified Sun, 04 Jun 2017 18:36:43 GMT
31 http request GET https://registry.npmjs.org/nodemon
32 http 200 https://registry.npmjs.org/dev
33 verbose headers { server: 'nginx/1.10.1',
33 verbose headers   'content-type': 'application/json',
33 verbose headers   'last-modified': 'Wed, 31 May 2017 03:09:12 GMT',
33 verbose headers   etag: 'W/"592e33d8-22da"',
33 verbose headers   'content-encoding': 'gzip',
33 verbose headers   'cache-control': 'max-age=300',
33 verbose headers   'content-length': '1263',
33 verbose headers   'accept-ranges': 'bytes',
33 verbose headers   date: 'Wed, 07 Jun 2017 14:21:44 GMT',
33 verbose headers   via: '1.1 varnish',
33 verbose headers   age: '0',
33 verbose headers   connection: 'keep-alive',
33 verbose headers   'x-served-by': 'cache-dfw1839-DFW',
33 verbose headers   'x-cache': 'MISS',
33 verbose headers   'x-cache-hits': '0',
33 verbose headers   'x-timer': 'S1496845304.385554,VS0,VE34',
33 verbose headers   vary: 'Accept-Encoding' }
34 silly get cb [ 200,
34 silly get   { server: 'nginx/1.10.1',
34 silly get     'content-type': 'application/json',
34 silly get     'last-modified': 'Wed, 31 May 2017 03:09:12 GMT',
34 silly get     etag: 'W/"592e33d8-22da"',
34 silly get     'content-encoding': 'gzip',
34 silly get     'cache-control': 'max-age=300',
34 silly get     'content-length': '1263',
34 silly get     'accept-ranges': 'bytes',
34 silly get     date: 'Wed, 07 Jun 2017 14:21:44 GMT',
34 silly get     via: '1.1 varnish',
34 silly get     age: '0',
34 silly get     connection: 'keep-alive',
34 silly get     'x-served-by': 'cache-dfw1839-DFW',
34 silly get     'x-cache': 'MISS',
34 silly get     'x-cache-hits': '0',
34 silly get     'x-timer': 'S1496845304.385554,VS0,VE34',
34 silly get     vary: 'Accept-Encoding' } ]
35 verbose get saving dev to /Users/jordanbenner/.npm/registry.npmjs.org/dev/.cache.json
36 verbose correctMkdir /Users/jordanbenner/.npm correctMkdir not in flight; initializing
37 http 304 https://registry.npmjs.org/nodemon
38 verbose headers { date: 'Wed, 07 Jun 2017 14:21:44 GMT',
38 verbose headers   via: '1.1 varnish',
38 verbose headers   'cache-control': 'max-age=300',
38 verbose headers   etag: 'W/"5934533b-31161"',
38 verbose headers   age: '0',
38 verbose headers   connection: 'keep-alive',
38 verbose headers   'x-served-by': 'cache-dfw1841-DFW',
38 verbose headers   'x-cache': 'HIT',
38 verbose headers   'x-cache-hits': '1',
38 verbose headers   'x-timer': 'S1496845304.408893,VS0,VE33',
38 verbose headers   vary: 'Accept-Encoding' }
39 silly get cb [ 304,
39 silly get   { date: 'Wed, 07 Jun 2017 14:21:44 GMT',
39 silly get     via: '1.1 varnish',
39 silly get     'cache-control': 'max-age=300',
39 silly get     etag: 'W/"5934533b-31161"',
39 silly get     age: '0',
39 silly get     connection: 'keep-alive',
39 silly get     'x-served-by': 'cache-dfw1841-DFW',
39 silly get     'x-cache': 'HIT',
39 silly get     'x-cache-hits': '1',
39 silly get     'x-timer': 'S1496845304.408893,VS0,VE33',
39 silly get     vary: 'Accept-Encoding' } ]
40 verbose etag https://registry.npmjs.org/nodemon from cache
41 verbose get saving nodemon to /Users/jordanbenner/.npm/registry.npmjs.org/nodemon/.cache.json
42 verbose correctMkdir /Users/jordanbenner/.npm correctMkdir not in flight; initializing
43 silly install normalizeTree
44 silly loadCurrentTree Finishing
45 silly loadIdealTree Starting
46 silly install loadIdealTree
47 silly cloneCurrentTree Starting
48 silly install cloneCurrentTreeToIdealTree
49 silly cloneCurrentTree Finishing
50 silly loadShrinkwrap Starting
51 silly install loadShrinkwrap
52 silly loadShrinkwrap Finishing
53 silly loadAllDepsIntoIdealTree Starting
54 silly install loadAllDepsIntoIdealTree
55 silly resolveWithNewModule dev@0.1.3 checking installable status
56 silly cache add args [ 'dev', null ]
57 verbose cache add spec dev
58 silly resolveWithNewModule nodemon@1.11.0 checking installable status
59 silly cache add args [ 'nodemon', null ]
60 verbose cache add spec nodemon
61 silly cache add parsed spec Result {
61 silly cache add   raw: 'dev',
61 silly cache add   scope: null,
61 silly cache add   escapedName: 'dev',
61 silly cache add   name: 'dev',
61 silly cache add   rawSpec: '',
61 silly cache add   spec: 'latest',
61 silly cache add   type: 'tag' }
62 silly addNamed dev@latest
63 verbose addNamed "latest" is being treated as a dist-tag for dev
64 info addNameTag [ 'dev', 'latest' ]
65 silly mapToRegistry name dev
66 silly mapToRegistry using default registry
67 silly mapToRegistry registry https://registry.npmjs.org/
68 silly mapToRegistry data Result {
68 silly mapToRegistry   raw: 'dev',
68 silly mapToRegistry   scope: null,
68 silly mapToRegistry   escapedName: 'dev',
68 silly mapToRegistry   name: 'dev',
68 silly mapToRegistry   rawSpec: '',
68 silly mapToRegistry   spec: 'latest',
68 silly mapToRegistry   type: 'tag' }
69 silly mapToRegistry uri https://registry.npmjs.org/dev
70 verbose addNameTag registry:https://registry.npmjs.org/dev not in flight; fetching
71 silly cache add parsed spec Result {
71 silly cache add   raw: 'nodemon',
71 silly cache add   scope: null,
71 silly cache add   escapedName: 'nodemon',
71 silly cache add   name: 'nodemon',
71 silly cache add   rawSpec: '',
71 silly cache add   spec: 'latest',
71 silly cache add   type: 'tag' }
72 silly addNamed nodemon@latest
73 verbose addNamed "latest" is being treated as a dist-tag for nodemon
74 info addNameTag [ 'nodemon', 'latest' ]
75 silly mapToRegistry name nodemon
76 silly mapToRegistry using default registry
77 silly mapToRegistry registry https://registry.npmjs.org/
78 silly mapToRegistry data Result {
78 silly mapToRegistry   raw: 'nodemon',
78 silly mapToRegistry   scope: null,
78 silly mapToRegistry   escapedName: 'nodemon',
78 silly mapToRegistry   name: 'nodemon',
78 silly mapToRegistry   rawSpec: '',
78 silly mapToRegistry   spec: 'latest',
78 silly mapToRegistry   type: 'tag' }
79 silly mapToRegistry uri https://registry.npmjs.org/nodemon
80 verbose addNameTag registry:https://registry.npmjs.org/nodemon not in flight; fetching
81 verbose get https://registry.npmjs.org/dev not expired, no request
82 silly addNameTag next cb for dev with tag latest
83 silly addNamed dev@0.1.3
84 verbose addNamed "0.1.3" is a plain semver version for dev
85 verbose get https://registry.npmjs.org/nodemon not expired, no request
86 silly addNameTag next cb for nodemon with tag latest
87 silly addNamed nodemon@1.11.0
88 verbose addNamed "1.11.0" is a plain semver version for nodemon
89 silly mapToRegistry name dev
90 silly mapToRegistry using default registry
91 silly mapToRegistry registry https://registry.npmjs.org/
92 silly mapToRegistry data Result {
92 silly mapToRegistry   raw: 'dev',
92 silly mapToRegistry   scope: null,
92 silly mapToRegistry   escapedName: 'dev',
92 silly mapToRegistry   name: 'dev',
92 silly mapToRegistry   rawSpec: '',
92 silly mapToRegistry   spec: 'latest',
92 silly mapToRegistry   type: 'tag' }
93 silly mapToRegistry uri https://registry.npmjs.org/dev
94 verbose addRemoteTarball https://registry.npmjs.org/dev/-/dev-0.1.3.tgz not in flight; adding
95 verbose addRemoteTarball [ 'https://registry.npmjs.org/dev/-/dev-0.1.3.tgz',
95 verbose addRemoteTarball   '89fdc08705e0e7eaef92d012e26751e4d744322a' ]
96 info retry fetch attempt 1 at 9:21:43 AM
97 info attempt registry request try #1 at 9:21:43 AM
98 http fetch GET https://registry.npmjs.org/dev/-/dev-0.1.3.tgz
99 silly cache afterAdd nodemon@1.11.0
100 verbose afterAdd /Users/jordanbenner/.npm/nodemon/1.11.0/package/package.json not in flight; writing
101 verbose correctMkdir /Users/jordanbenner/.npm correctMkdir not in flight; initializing
102 verbose afterAdd /Users/jordanbenner/.npm/nodemon/1.11.0/package/package.json written
103 http fetch 200 https://registry.npmjs.org/dev/-/dev-0.1.3.tgz
104 silly fetchAndShaCheck shasum 89fdc08705e0e7eaef92d012e26751e4d744322a
105 verbose addTmpTarball /var/folders/wc/ghs0scnx00v9z0tj5y3bwd000000gn/T/npm-6088-4bfc7e83/registry.npmjs.org/dev/-/dev-0.1.3.tgz not in flight; adding
106 verbose addTmpTarball already have metadata; skipping unpack for dev@0.1.3
107 verbose correctMkdir /Users/jordanbenner/.npm correctMkdir not in flight; initializing
108 silly cache afterAdd dev@0.1.3
109 verbose afterAdd /Users/jordanbenner/.npm/dev/0.1.3/package/package.json not in flight; writing
110 verbose correctMkdir /Users/jordanbenner/.npm correctMkdir not in flight; initializing
111 verbose afterAdd /Users/jordanbenner/.npm/dev/0.1.3/package/package.json written
112 silly fetchNamedPackageData inotify
113 silly mapToRegistry name inotify
114 silly mapToRegistry using default registry
115 silly mapToRegistry registry https://registry.npmjs.org/
116 silly mapToRegistry data Result {
116 silly mapToRegistry   raw: 'inotify',
116 silly mapToRegistry   scope: null,
116 silly mapToRegistry   escapedName: 'inotify',
116 silly mapToRegistry   name: 'inotify',
116 silly mapToRegistry   rawSpec: '',
116 silly mapToRegistry   spec: 'latest',
116 silly mapToRegistry   type: 'tag' }
117 silly mapToRegistry uri https://registry.npmjs.org/inotify
118 verbose request uri https://registry.npmjs.org/inotify
119 verbose request no auth needed
120 info attempt registry request try #1 at 9:21:44 AM
121 http request GET https://registry.npmjs.org/inotify
122 http 200 https://registry.npmjs.org/inotify
123 verbose headers { server: 'nginx/1.10.1',
123 verbose headers   'content-type': 'application/json',
123 verbose headers   'last-modified': 'Sun, 02 Apr 2017 19:23:48 GMT',
123 verbose headers   etag: 'W/"58e14fc4-721f"',
123 verbose headers   'content-encoding': 'gzip',
123 verbose headers   'cache-control': 'max-age=300',
123 verbose headers   'content-length': '5797',
123 verbose headers   'accept-ranges': 'bytes',
123 verbose headers   date: 'Wed, 07 Jun 2017 14:21:44 GMT',
123 verbose headers   via: '1.1 varnish',
123 verbose headers   age: '0',
123 verbose headers   connection: 'keep-alive',
123 verbose headers   'x-served-by': 'cache-dfw1841-DFW',
123 verbose headers   'x-cache': 'MISS',
123 verbose headers   'x-cache-hits': '0',
123 verbose headers   'x-timer': 'S1496845305.582546,VS0,VE34',
123 verbose headers   vary: 'Accept-Encoding' }
124 silly get cb [ 200,
124 silly get   { server: 'nginx/1.10.1',
124 silly get     'content-type': 'application/json',
124 silly get     'last-modified': 'Sun, 02 Apr 2017 19:23:48 GMT',
124 silly get     etag: 'W/"58e14fc4-721f"',
124 silly get     'content-encoding': 'gzip',
124 silly get     'cache-control': 'max-age=300',
124 silly get     'content-length': '5797',
124 silly get     'accept-ranges': 'bytes',
124 silly get     date: 'Wed, 07 Jun 2017 14:21:44 GMT',
124 silly get     via: '1.1 varnish',
124 silly get     age: '0',
124 silly get     connection: 'keep-alive',
124 silly get     'x-served-by': 'cache-dfw1841-DFW',
124 silly get     'x-cache': 'MISS',
124 silly get     'x-cache-hits': '0',
124 silly get     'x-timer': 'S1496845305.582546,VS0,VE34',
124 silly get     vary: 'Accept-Encoding' } ]
125 verbose get saving inotify to /Users/jordanbenner/.npm/registry.npmjs.org/inotify/.cache.json
126 verbose correctMkdir /Users/jordanbenner/.npm correctMkdir not in flight; initializing
127 silly resolveWithNewModule inotify@1.4.1 checking installable status
128 silly rollbackFailedOptional Starting
129 silly rollbackFailedOptional Finishing
130 silly runTopLevelLifecycles Finishing
131 silly install printInstalled
132 verbose stack Error: Unsupported platform for inotify@1.4.1: wanted {"name":"inotify","version":"1.4.1","author":{"name":"Camilo Aguilar","email":"camilo.aguilar@gmail.com"},"email":"camilo.aguilar@gmail.com","keywords":["inotify","watch","monitor","watch files","watch directories"],"license":"MIT","description":"inotify bindings for v8 javascript engine","repository":{"type":"git","url":"git+ssh://git@github.com/c4milo/node-inotify.git"},"os":["linux"],"engines":{"node":">=0.8"},"main":"inotify","dependencies":{"bindings":"^1.2.1","nan":"^2.3.3"},"scripts":{"test":"node-gyp configure build","install":"node-gyp rebuild"},"gypfile":true,"contributors":[{"name":"Adrian Estrada","email":"edsadr@gmail.com"},{"name":"Alexander Makarenko","email":"estliberitas@gmail.com"},{"name":"Brian Ingalls","email":"bingalls@compete.com"},{"name":"Brian White","email":"mscdex@mscdex.net"},{"name":"Camilo Aguilar","email":"camilo.aguilar@gmail.com"},{"name":"Dan VerWeire","email":"dverweire@gmail.com"},{"name":"FrozenCow","email":"frozencow@gmail.com"},{"name":"Michael Boe","email":"mschuylerb@gmail.com"},{"name":"Yannick Croissant","email":"k1der.country@free.fr"},{"name":"ikokostya","email":"ikokostya@gmail.com"}],"gitHead":"c1416dfada3ca4f3fb40e65eededc52461822ec5","bugs":{"url":"https://github.com/c4milo/node-inotify/issues"},"homepage":"https://github.com/c4milo/node-inotify#readme","_id":"inotify@1.4.1","_shasum":"8abdeb7ee9cbc291542a252df00d848b2a8f9287","_from":"inotify@>= 0.1.6","_npmVersion":"3.8.6","_nodeVersion":"5.11.0","_npmUser":{"name":"c4milo","email":"camilo.aguilar@gmail.com"},"maintainers":[{"name":"camilo","email":"camilo@cloudescape.com"},{"name":"c4milo","email":"camilo.aguilar@gmail.com"}],"dist":{"shasum":"8abdeb7ee9cbc291542a252df00d848b2a8f9287","tarball":"https://registry.npmjs.org/inotify/-/inotify-1.4.1.tgz"},"_npmOperationalInternal":{"host":"packages-16-east.internal.npmjs.com","tmp":"tmp/inotify-1.4.1.tgz_1462444544613_0.7660284182056785"},"directories":{},"_resolved":"https://registry.npmjs.org/inotify/-/inotify-1.4.1.tgz","_requested":{"raw":"inotify@>= 0.1.6","scope":null,"escapedName":"inotify","name":"inotify","rawSpec":">= 0.1.6","spec":">=0.1.6","type":"range"},"_spec":"inotify@>= 0.1.6","_where":"/Users/jordanbenner/Documents/code/restaurant-rev1/node_modules/dev","_args":[[{"raw":"inotify@>= 0.1.6","scope":null,"escapedName":"inotify","name":"inotify","rawSpec":">= 0.1.6","spec":">=0.1.6","type":"range"},"/Users/jordanbenner/Documents/code/restaurant-rev1/node_modules/dev"]],"readme":"ERROR: No README data found!"} (current: {"os":"darwin","cpu":"x64"})
132 verbose stack     at checkPlatform (/Users/jordanbenner/.nvm/versions/node/v6.10.2/lib/node_modules/npm/node_modules/npm-install-checks/index.js:45:14)
132 verbose stack     at thenWarnEngineIssues (/Users/jordanbenner/.nvm/versions/node/v6.10.2/lib/node_modules/npm/lib/install/validate-args.js:41:5)
132 verbose stack     at /Users/jordanbenner/.nvm/versions/node/v6.10.2/lib/node_modules/npm/node_modules/iferr/index.js:13:50
132 verbose stack     at checkEngine (/Users/jordanbenner/.nvm/versions/node/v6.10.2/lib/node_modules/npm/node_modules/npm-install-checks/index.js:24:10)
132 verbose stack     at module.exports.isInstallable (/Users/jordanbenner/.nvm/versions/node/v6.10.2/lib/node_modules/npm/lib/install/validate-args.js:38:3)
132 verbose stack     at resolveWithNewModule (/Users/jordanbenner/.nvm/versions/node/v6.10.2/lib/node_modules/npm/lib/install/deps.js:511:10)
132 verbose stack     at /Users/jordanbenner/.nvm/versions/node/v6.10.2/lib/node_modules/npm/lib/install/deps.js:454:9
132 verbose stack     at /Users/jordanbenner/.nvm/versions/node/v6.10.2/lib/node_modules/npm/node_modules/iferr/index.js:13:50
132 verbose stack     at /Users/jordanbenner/.nvm/versions/node/v6.10.2/lib/node_modules/npm/lib/fetch-package-metadata.js:37:12
132 verbose stack     at addRequestedAndFinish (/Users/jordanbenner/.nvm/versions/node/v6.10.2/lib/node_modules/npm/lib/fetch-package-metadata.js:67:5)
133 verbose pkgid inotify@1.4.1
134 verbose cwd /Users/jordanbenner/Documents/code/restaurant-rev1
135 error Darwin 16.5.0
136 error argv "/Users/jordanbenner/.nvm/versions/node/v6.10.2/bin/node" "/Users/jordanbenner/.nvm/versions/node/v6.10.2/bin/npm" "install" "nodemon" "--save" "dev"
137 error node v6.10.2
138 error npm  v3.10.10
139 error code EBADPLATFORM
140 error notsup Unsupported platform for inotify@1.4.1: wanted {"os":"linux","arch":"any"} (current: {"os":"darwin","arch":"x64"})
141 error notsup Valid OS:    linux
141 error notsup Valid Arch:  any
141 error notsup Actual OS:   darwin
141 error notsup Actual Arch: x64
142 verbose exit [ 1, true ]
